<?xml version="1.0" encoding="UTF-8"?>
<testng-results ignored="4" total="5" passed="1" failed="0" skipped="0">
  <reporter-output>
  </reporter-output>
  <suite started-at="2024-02-16T17:28:50 IST" name="Default suite" finished-at="2024-02-16T17:29:03 IST" duration-ms="13848">
    <groups>
    </groups>
    <test started-at="2024-02-16T17:28:50 IST" name="Default test" finished-at="2024-02-16T17:29:03 IST" duration-ms="13848">
      <class name="PetStoreCRUDTest">
        <test-method is-config="true" signature="beforeClass()[pri:0, instance:PetStoreCRUDTest@434a63ab]" started-at="2024-02-16T17:28:50 IST" name="beforeClass" finished-at="2024-02-16T17:28:51 IST" duration-ms="1818" status="PASS">
          <reporter-output>
          </reporter-output>
        </test-method> <!-- beforeClass -->
        <test-method signature="testCRUDOperations()[pri:0, instance:PetStoreCRUDTest@434a63ab]" started-at="2024-02-16T17:28:52 IST" name="testCRUDOperations" finished-at="2024-02-16T17:29:03 IST" duration-ms="11934" status="PASS">
          <reporter-output>
          </reporter-output>
        </test-method> <!-- testCRUDOperations -->
      </class> <!-- PetStoreCRUDTest -->
    </test> <!-- Default test -->
  </suite> <!-- Default suite -->
</testng-results>
