<?xml version="1.0" encoding="UTF-8"?>
<!-- Generated by org.testng.reporters.JUnitXMLReporter -->
<testsuite ignored="4" hostname="DESKTOP-BEMS6M1" failures="0" tests="1" name="Default test" time="13.848" errors="0" timestamp="2024-02-16T17:29:04 IST">
  <testcase classname="PetStoreCRUDTest" name="testCRUDOperations" time="11.934"/>
  <testcase classname="PetStoreCRUDTest" name="createPet" time="0.0">
    <ignored/>
  </testcase> <!-- createPet -->
  <testcase classname="PetStoreCRUDTest" name="getPetById" time="0.0">
    <ignored/>
  </testcase> <!-- getPetById -->
  <testcase classname="PetStoreCRUDTest" name="deletePet" time="0.0">
    <ignored/>
  </testcase> <!-- deletePet -->
  <testcase classname="PetStoreCRUDTest" name="updatePet" time="0.0">
    <ignored/>
  </testcase> <!-- updatePet -->
</testsuite> <!-- Default test -->
